\BOOKMARK [1][-]{section.1}{\376\377\000C\000l\000a\000s\000s\000i\000c\000\040\000M\000e\000c\000h\000a\000n\000i\000c\000s}{}% 1
\BOOKMARK [2][-]{section*.2}{\376\377\0001\000.\0001\000\040\000G\000e\000n\000e\000r\000a\000l\000\040\000K\000n\000o\000w\000l\000e\000d\000g\000e}{section.1}% 2
\BOOKMARK [2][-]{figure.1}{\376\377\0001\000.\0002\000\040\000M\000e\000c\000h\000n\000i\000c\000a\000l\000\040\000W\000a\000v\000e}{section.1}% 3
\BOOKMARK [2][-]{figure.1}{\376\377\0001\000.\0003\000\040\000A\000n\000a\000l\000y\000t\000i\000c\000a\000l\000\040\000M\000e\000c\000h\000a\000n\000i\000c\000s}{section.1}% 4
\BOOKMARK [1][-]{section.2}{\376\377\000E\000l\000e\000c\000t\000r\000o\000d\000y\000n\000a\000m\000i\000c\000s}{}% 5
\BOOKMARK [2][-]{section*.3}{\376\377\0002\000.\0001\000\040\000M\000a\000x\000w\000e\000l\000l\000\040\000E\000q\000u\000a\000t\000i\000o\000n\000s}{section.2}% 6
\BOOKMARK [2][-]{section*.3}{\376\377\0002\000.\0002\000\040\000E\000l\000e\000c\000t\000r\000o\000m\000a\000g\000n\000e\000t\000i\000c\000\040\000W\000a\000v\000e}{section.2}% 7
\BOOKMARK [1][-]{section.3}{\376\377\000E\000l\000e\000c\000t\000r\000o\000n\000i\000c\000s}{}% 8
\BOOKMARK [2][-]{section*.4}{\376\377\0003\000.\0001\000\040\000G\000e\000n\000e\000r\000a\000l\000\040\000K\000n\000o\000w\000l\000e\000d\000g\000e}{section.3}% 9
\BOOKMARK [1][-]{section.4}{\376\377\000T\000h\000e\000r\000m\000o\000d\000y\000n\000a\000m\000i\000c\000s\000\040\000a\000n\000d\000\040\000S\000t\000a\000t\000i\000s\000t\000i\000c\000a\000l\000\040\000P\000h\000y\000s\000i\000c\000s}{}% 10
\BOOKMARK [2][-]{section*.5}{\376\377\0004\000.\0001\000\040\000G\000e\000n\000e\000r\000a\000l\000\040\000K\000n\000o\000w\000l\000e\000d\000g\000e}{section.4}% 11
\BOOKMARK [2][-]{section*.5}{\376\377\0004\000.\0002\000\040\000C\000a\000r\000n\000o\000t\000\040\000C\000y\000c\000l\000e}{section.4}% 12
\BOOKMARK [2][-]{section*.5}{\376\377\0004\000.\0003\000\040\000E\000l\000e\000c\000t\000r\000o\000n\000i\000c\000\040\000D\000e\000n\000s\000i\000t\000y\000\040\000o\000f\000\040\000S\000t\000a\000t\000e\000s}{section.4}% 13
\BOOKMARK [1][-]{section.5}{\376\377\000O\000p\000t\000i\000c\000s}{}% 14
\BOOKMARK [2][-]{section*.6}{\376\377\0005\000.\0001\000\040\000G\000e\000n\000e\000r\000a\000l\000\040\000K\000n\000o\000w\000l\000e\000d\000g\000e}{section.5}% 15
\BOOKMARK [2][-]{section*.6}{\376\377\0005\000.\0002\000\040\000I\000n\000t\000e\000r\000f\000e\000r\000e\000n\000c\000e\000\040\000a\000n\000d\000\040\000D\000i\000f\000f\000r\000a\000c\000t\000i\000o\000n}{section.5}% 16
\BOOKMARK [2][-]{section*.6}{\376\377\0005\000.\0003\000\040\000C\000r\000y\000s\000t\000a\000l\000\040\000O\000p\000t\000i\000c\000s}{section.5}% 17
\BOOKMARK [1][-]{section.6}{\376\377\000A\000s\000t\000r\000o\000p\000h\000y\000s\000i\000c\000s\000\040\000a\000n\000d\000\040\000R\000e\000l\000a\000t\000i\000v\000i\000t\000y}{}% 18
\BOOKMARK [2][-]{section*.7}{\376\377\0006\000.\0001\000\040\000A\000s\000t\000r\000o\000p\000h\000y\000s\000i\000c\000s}{section.6}% 19
\BOOKMARK [2][-]{section*.7}{\376\377\0006\000.\0002\000\040\000R\000e\000l\000a\000t\000i\000v\000i\000t\000y}{section.6}% 20
\BOOKMARK [2][-]{section*.7}{\376\377\0006\000.\0003\000\040\000C\000h\000e\000r\000e\000n\000k\000o\000v\000\040\000R\000a\000d\000i\000a\000t\000i\000o\000n}{section.6}% 21
\BOOKMARK [1][-]{section.7}{\376\377\000Q\000u\000a\000n\000t\000u\000m\000\040\000M\000e\000c\000h\000a\000n\000i\000c\000s}{}% 22
\BOOKMARK [2][-]{section*.8}{\376\377\0007\000.\0001\000\040\000G\000e\000n\000e\000r\000a\000l\000\040\000K\000n\000o\000w\000l\000e\000d\000g\000e}{section.7}% 23
\BOOKMARK [2][-]{section*.8}{\376\377\0007\000.\0002\000\040\000S\000t\000a\000t\000i\000o\000n\000a\000r\000y\000\040\000S\000c\000h\000r\000\366\000d\000i\000n\000g\000e\000r\000\040\000E\000q\000u\000a\000t\000i\000o\000n}{section.7}% 24
\BOOKMARK [2][-]{figure.3}{\376\377\0007\000.\0003\000\040\000A\000n\000g\000u\000l\000a\000r\000\040\000M\000o\000m\000e\000n\000t\000u\000m}{section.7}% 25
\BOOKMARK [2][-]{figure.3}{\376\377\0007\000.\0004\000\040\000O\000t\000h\000e\000r\000\040\000K\000n\000o\000w\000l\000e\000d\000g\000e}{section.7}% 26
\BOOKMARK [1][-]{section.8}{\376\377\000S\000o\000l\000i\000d\000\040\000S\000t\000a\000t\000e\000\040\000P\000h\000y\000s\000i\000c\000s}{}% 27
\BOOKMARK [2][-]{section*.9}{\376\377\0008\000.\0001\000\040\000G\000e\000n\000e\000r\000a\000l\000\040\000K\000n\000o\000w\000l\000e\000d\000g\000e}{section.8}% 28
\BOOKMARK [1][-]{section.9}{\376\377\000P\000a\000r\000t\000i\000c\000l\000e\000\040\000P\000h\000y\000s\000i\000c\000s}{}% 29
\BOOKMARK [2][-]{section*.10}{\376\377\0009\000.\0001\000\040\000G\000e\000n\000e\000r\000a\000l\000\040\000K\000n\000o\000w\000l\000e\000d\000g\000e}{section.9}% 30
\BOOKMARK [1][-]{section.10}{\376\377\000A\000t\000o\000m\000i\000c\000\040\000P\000h\000y\000s\000i\000c\000s\000\040\000a\000n\000d\000\040\000N\000u\000c\000l\000e\000a\000r\000\040\000P\000h\000y\000s\000i\000c\000s}{}% 31
\BOOKMARK [2][-]{section*.11}{\376\377\0001\0000\000.\0001\000\040\000A\000t\000o\000m\000i\000c\000\040\000P\000h\000y\000s\000i\000c\000s}{section.10}% 32
\BOOKMARK [2][-]{section*.11}{\376\377\0001\0000\000.\0002\000\040\000N\000u\000c\000l\000e\000a\000r\000\040\000P\000h\000y\000s\000i\000c\000s}{section.10}% 33
\BOOKMARK [1][-]{section.11}{\376\377\000M\000a\000t\000h\000e\000m\000a\000t\000i\000c\000s\000\040\000a\000n\000d\000\040\000O\000h\000t\000e\000r\000s}{}% 34
\BOOKMARK [2][-]{section*.12}{\376\377\0001\0001\000.\0001\000\040\000M\000a\000t\000h\000e\000m\000a\000t\000i\000c\000s\000\040\000K\000n\000o\000w\000l\000e\000d\000g\000e}{section.11}% 35
\BOOKMARK [2][-]{figure.4}{\376\377\0001\0001\000.\0002\000\040\000O\000t\000h\000e\000r\000\040\000K\000n\000o\000w\000l\000e\000d\000g\000e}{section.11}% 36
